-------------------------------------------------------------------------------
Test set: TestSuite
-------------------------------------------------------------------------------
Tests run: 4, Failures: 1, Errors: 0, Skipped: 0, Time elapsed: 0.419 s <<< FAILURE! - in TestSuite
AddTwoNumbersWithDecimals(com.idera.testrail.tests.SumTests)  Time elapsed: 0.004 s  <<< FAILURE!
java.lang.AssertionError: 1.5+1.4 should equal 3 expected [2.9] but found [3.0]
	at com.idera.testrail.tests.SumTests.AddTwoNumbersWithDecimals(SumTests.java:15)

